0 info it worked if it ends with ok
1 verbose cli [ '/Users/frida/.nvm/versions/node/v6.11.4/bin/node',
1 verbose cli   '/Users/frida/.nvm/versions/node/v6.11.4/bin/npm',
1 verbose cli   'run',
1 verbose cli   'build' ]
2 info using npm@3.10.10
3 info using node@v6.11.4
4 verbose run-script [ 'prebuild', 'build', 'postbuild' ]
5 info lifecycle mean-ang2@1.0.0~prebuild: mean-ang2@1.0.0
6 silly lifecycle mean-ang2@1.0.0~prebuild: no script for prebuild, continuing
7 info lifecycle mean-ang2@1.0.0~build: mean-ang2@1.0.0
8 verbose lifecycle mean-ang2@1.0.0~build: unsafe-perm in lifecycle true
9 verbose lifecycle mean-ang2@1.0.0~build: PATH: /Users/frida/.nvm/versions/node/v6.11.4/lib/node_modules/npm/bin/node-gyp-bin:/Users/frida/Documents/myprojects/assign-role-permission-mean/node_modules/.bin:/Users/frida/.rvm/gems/ruby-2.4.1/bin:/Users/frida/.rvm/gems/ruby-2.4.1@global/bin:/Users/frida/.rvm/rubies/ruby-2.4.1/bin:/Users/frida/.nvm/versions/node/v6.11.4/bin:/Users/frida/mongodb/bin:/usr/local/bin:/usr/bin:/bin:/usr/sbin:/sbin:/usr/local/share/dotnet:/Library/Frameworks/Mono.framework/Versions/Current/Commands:/Users/frida/.rvm/bin
10 verbose lifecycle mean-ang2@1.0.0~build: CWD: /Users/frida/Documents/myprojects/assign-role-permission-mean
11 silly lifecycle mean-ang2@1.0.0~build: Args: [ '-c', 'cd client && ng build --prod --env=prod' ]
12 silly lifecycle mean-ang2@1.0.0~build: Returned: code: 1  signal: null
13 info lifecycle mean-ang2@1.0.0~build: Failed to exec build script
14 verbose stack Error: mean-ang2@1.0.0 build: `cd client && ng build --prod --env=prod`
14 verbose stack Exit status 1
14 verbose stack     at EventEmitter.<anonymous> (/Users/frida/.nvm/versions/node/v6.11.4/lib/node_modules/npm/lib/utils/lifecycle.js:255:16)
14 verbose stack     at emitTwo (events.js:106:13)
14 verbose stack     at EventEmitter.emit (events.js:191:7)
14 verbose stack     at ChildProcess.<anonymous> (/Users/frida/.nvm/versions/node/v6.11.4/lib/node_modules/npm/lib/utils/spawn.js:40:14)
14 verbose stack     at emitTwo (events.js:106:13)
14 verbose stack     at ChildProcess.emit (events.js:191:7)
14 verbose stack     at maybeClose (internal/child_process.js:920:16)
14 verbose stack     at Process.ChildProcess._handle.onexit (internal/child_process.js:230:5)
15 verbose pkgid mean-ang2@1.0.0
16 verbose cwd /Users/frida/Documents/myprojects/assign-role-permission-mean
17 error Darwin 17.4.0
18 error argv "/Users/frida/.nvm/versions/node/v6.11.4/bin/node" "/Users/frida/.nvm/versions/node/v6.11.4/bin/npm" "run" "build"
19 error node v6.11.4
20 error npm  v3.10.10
21 error code ELIFECYCLE
22 error mean-ang2@1.0.0 build: `cd client && ng build --prod --env=prod`
22 error Exit status 1
23 error Failed at the mean-ang2@1.0.0 build script 'cd client && ng build --prod --env=prod'.
23 error Make sure you have the latest version of node.js and npm installed.
23 error If you do, this is most likely a problem with the mean-ang2 package,
23 error not with npm itself.
23 error Tell the author that this fails on your system:
23 error     cd client && ng build --prod --env=prod
23 error You can get information on how to open an issue for this project with:
23 error     npm bugs mean-ang2
23 error Or if that isn't available, you can get their info via:
23 error     npm owner ls mean-ang2
23 error There is likely additional logging output above.
24 verbose exit [ 1, true ]
